<?xml version="1.0" encoding="UTF-8"?>
<!-- Generated by org.testng.reporters.JUnitXMLReporter -->
<testsuite ignored="0" hostname="Prems-MacBook-Pro.local" failures="0" tests="4" name="Default test" time="107.146" errors="0" timestamp="2022-10-10T22:07:05 IST">
  <testcase classname="ecommerce.AutomationFlipkart" name="LaunchChrome" time="2.018"/>
  <testcase classname="ecommerce.AutomationFlipkart" name="LaunchFirefox" time="4.011"/>
  <testcase classname="ecommerce.AutomationFlipkart" name="f" time="37.321"/>
  <testcase classname="ecommerce.AutomationFlipkart" name="firefox" time="63.719"/>
</testsuite> <!-- Default test -->
