<?xml version="1.0" encoding="UTF-8"?>
<testng-results ignored="0" total="4" passed="4" failed="0" skipped="0">
  <reporter-output>
  </reporter-output>
  <suite started-at="2022-10-10T22:05:18 IST" name="Default suite" finished-at="2022-10-10T22:07:05 IST" duration-ms="107146">
    <groups>
      <group name="Chrome">
        <method signature="AutomationFlipkart.LaunchChrome()[pri:0, instance:ecommerce.AutomationFlipkart@65f095f8]" name="LaunchChrome" class="ecommerce.AutomationFlipkart"/>
        <method signature="AutomationFlipkart.f()[pri:0, instance:ecommerce.AutomationFlipkart@65f095f8]" name="f" class="ecommerce.AutomationFlipkart"/>
      </group> <!-- Chrome -->
      <group name="Firefox">
        <method signature="AutomationFlipkart.LaunchFirefox()[pri:0, instance:ecommerce.AutomationFlipkart@65f095f8]" name="LaunchFirefox" class="ecommerce.AutomationFlipkart"/>
        <method signature="AutomationFlipkart.firefox()[pri:0, instance:ecommerce.AutomationFlipkart@65f095f8]" name="firefox" class="ecommerce.AutomationFlipkart"/>
      </group> <!-- Firefox -->
    </groups>
    <test started-at="2022-10-10T22:05:18 IST" name="Default test" finished-at="2022-10-10T22:07:05 IST" duration-ms="107146">
      <class name="ecommerce.AutomationFlipkart">
        <test-method signature="LaunchChrome()[pri:0, instance:ecommerce.AutomationFlipkart@65f095f8]" started-at="2022-10-10T22:05:18 IST" name="LaunchChrome" finished-at="2022-10-10T22:05:20 IST" duration-ms="2018" status="PASS">
          <reporter-output>
          </reporter-output>
        </test-method> <!-- LaunchChrome -->
        <test-method signature="LaunchFirefox()[pri:0, instance:ecommerce.AutomationFlipkart@65f095f8]" started-at="2022-10-10T22:05:20 IST" name="LaunchFirefox" finished-at="2022-10-10T22:05:24 IST" duration-ms="4011" status="PASS">
          <reporter-output>
          </reporter-output>
        </test-method> <!-- LaunchFirefox -->
        <test-method signature="f()[pri:0, instance:ecommerce.AutomationFlipkart@65f095f8]" started-at="2022-10-10T22:05:24 IST" name="f" finished-at="2022-10-10T22:06:01 IST" depends-on-methods="ecommerce.AutomationFlipkart.LaunchChrome" duration-ms="37321" status="PASS">
          <reporter-output>
          </reporter-output>
        </test-method> <!-- f -->
        <test-method signature="firefox()[pri:0, instance:ecommerce.AutomationFlipkart@65f095f8]" started-at="2022-10-10T22:06:01 IST" name="firefox" finished-at="2022-10-10T22:07:05 IST" depends-on-methods="ecommerce.AutomationFlipkart.LaunchFirefox" duration-ms="63719" status="PASS">
          <reporter-output>
          </reporter-output>
        </test-method> <!-- firefox -->
      </class> <!-- ecommerce.AutomationFlipkart -->
    </test> <!-- Default test -->
  </suite> <!-- Default suite -->
</testng-results>
